<?xml version="1.0" encoding="UTF-8"?>
<!-- Generated by org.testng.reporters.JUnitReportReporter -->
<testsuite hostname="DESKTOP-H00HIU0" failures="0" tests="3" name="cucumber.Options.TestRunner" time="5.032" errors="0" timestamp="2025-08-30T16:26:23 IST" skipped="0">
  <testcase classname="cucumber.Options.TestRunner" name="runScenario" time="0.476"/>
  <testcase classname="cucumber.Options.TestRunner" name="runScenario" time="0.159"/>
  <testcase classname="cucumber.Options.TestRunner" name="runScenario" time="4.397"/>
</testsuite> <!-- cucumber.Options.TestRunner -->
